<s>-nak, -jaiért, -magyar, bel-
<w>-nak
<anav>
<msd><lemma></lemma><mscat>[Om--sg]</mscat></msd>
</anav>
</w>
<c>,</c>
<w>-jaiért
<anav>
<msd><lemma></lemma><mscat>[Om--pc---s3]</mscat></msd>
</anav>
</w>
<c>,</c>
<w>-magyar
<anav>
<msd><lemma>-magyar</lemma><mscat>[Oh]</mscat></msd>
</anav>
</w>
<c>,</c>
<w>bel-
<anav>
<msd><lemma>bel-</lemma><mscat>[Oh]</mscat></msd>
</anav>
</w>

<s>-e
<w>-e
</w>

<s>.edu .HU
<w>.edu
<anav>
<msd><lemma>.edu</lemma><mscat>[Oeo-sn]</mscat></msd>
</anav>
</w>
<w>.HU
<anav>
<msd><lemma>.HU</lemma><mscat>[Oeo-sn]</mscat></msd>
</anav>
</w>

<s>valami.hu-ról
<w>valami.hu-ról
<anav>
<msd><lemma>valami.hu</lemma><mscat>[Oep-sh]</mscat></msd>
</anav>
<anav>
<msd><lemma>valami.hu</lemma><mscat>[Oew-sh]</mscat></msd>
</anav>
</w>

<s>valami.comról
<w>valami.comról
<anav>
<msd><lemma>valami.comról</lemma><mscat>[Oep-??]</mscat></msd>
</anav>
<anav>
<msd><lemma>valami.comról</lemma><mscat>[Oew-??]</mscat></msd>
</anav>
</w>

<s>http://www.valami.com
<w>http://www.valami.com
<anav>
<msd><lemma>http://www.valami.com</lemma><mscat>[Oew-sn]</mscat></msd>
</anav>
</w>

<s>http://www.valami.com/
<w>http://www.valami.com/
<anav>
<msd><lemma>http://www.valami.com/</lemma><mscat>[Oew-sn]</mscat></msd>
</anav>
</w>

<s>http://777sms.com:80
<w>http://777sms.com:80
<anav>
<msd><lemma>http://777sms.com:80</lemma><mscat>[Oep-sn]</mscat></msd>
</anav>
<anav>
<msd><lemma>http://777sms.com:80</lemma><mscat>[Oew-sn]</mscat></msd>
</anav>
</w>

<s>ftp://127.0.0.1:911/Próba/ez-is/macska.jpeg
<w>ftp://127.0.0.1:911/Próba/ez-is/macska.jpeg
<anav>
<msd><lemma>ftp://127.0.0.1:911/Próba/ez-is/macska.jpeg</lemma><mscat>[Oep-sn]</mscat></msd>
</anav>
<anav>
<msd><lemma>ftp://127.0.0.1:911/Próba/ez-is/macska.jpeg</lemma><mscat>[Oew-sn]</mscat></msd>
</anav>
</w>

<s>/
<w>/
</w>

<s>C: c:\
<w>C:
<anav>
<msd><lemma>C:</lemma><mscat>[Oep-sn]</mscat></msd>
</anav>
</w>
<w>c:\
<anav>
<msd><lemma>c:\</lemma><mscat>[Oep-sn]</mscat></msd>
</anav>
</w>

<s>C:\DINNYE\MACSKA.JPG
<w>C:\DINNYE\MACSKA.JPG
<anav>
<msd><lemma>C:\DINNYE\MACSKA.JPG</lemma><mscat>[Oep-sn]</mscat></msd>
</anav>
</w>

<s>\\SZERVER\SZOLGALTATAS
<w>\\SZERVER\SZOLGALTATAS
<anav>
<msd><lemma>\\SZERVER\SZOLGALTATAS</lemma><mscat>[Oep-sn]</mscat></msd>
</anav>
</w>

<s>/etc/.././home/
<w>/etc/.././home/
<anav>
<msd><lemma>/etc/.././home/</lemma><mscat>[Oep-sn]</mscat></msd>
</anav>
</w>

<s>mailto:Macska.Kati@valahol.hu
<w>mailto:Macska.Kati@valahol.hu
<anav>
<msd><lemma>mailto:Macska.Kati@valahol.hu</lemma><mscat>[Oem-sn]</mscat></msd>
</anav>
</w>

<s>txt .AVI .bmp.zip
<w>txt
</w>
<w>.AVI
<anav>
<msd><lemma>.AVI</lemma><mscat>[Oee-sn]</mscat></msd>
</anav>
</w>
<w>.bmp.zip
<anav>
<msd><lemma>.bmp.zip</lemma><mscat>[Oee-sn]</mscat></msd>
</anav>
</w>

<s>1:20:36.7, 4:01,95
<w>1:20:36.7
<anav>
<msd><lemma>1:20:36.7</lemma><mscat>[Onr-sn]</mscat></msd>
</anav>
</w>
<c>,</c>
<w>4:01,95
<anav>
<msd><lemma>4:01,95</lemma><mscat>[Onr-sn]</mscat></msd>
</anav>
</w>

<s>1:35
<w>1:35
<anav>
<msd><lemma>1:35</lemma><mscat>[Ont-sn]</mscat></msd>
</anav>
<anav>
<msd><lemma>1:35</lemma><mscat>[Onq-sn]</mscat></msd>
</anav>
<anav>
<msd><lemma>1:35</lemma><mscat>[Onr-sn]</mscat></msd>
</anav>
<anav>
<msd><lemma>1:35</lemma><mscat>[Onf-sn]</mscat></msd>
</anav>
</w>

<s>1:3
<w>1:3
<anav>
<msd><lemma>1:3</lemma><mscat>[Onq-sn]</mscat></msd>
</anav>
<anav>
<msd><lemma>1:3</lemma><mscat>[Onr-sn]</mscat></msd>
</anav>
<anav>
<msd><lemma>1:3</lemma><mscat>[Onf-sn]</mscat></msd>
</anav>
</w>

<s>10-12
<w>10-12
<anav>
<msd><lemma>10-12</lemma><mscat>[Ont-sn]</mscat></msd>
</anav>
<anav>
<msd><lemma>10-12</lemma><mscat>[Onr-sn]</mscat></msd>
</anav>
<anav>
<msd><lemma>10-12</lemma><mscat>[Onf-sn]</mscat></msd>
</anav>
</w>

<s>1-3
<w>1-3
<anav>
<msd><lemma>1-3</lemma><mscat>[Onr-sn]</mscat></msd>
</anav>
<anav>
<msd><lemma>1-3</lemma><mscat>[Onf-sn]</mscat></msd>
</anav>
</w>

<s>0&ndash;5
<w>0&ndash;5
<anav>
<msd><lemma>0&ndash;5</lemma><mscat>[Onr-sn]</mscat></msd>
</anav>
</w>

<s>-23,12, +12 500
<w>-23,12
<anav>
<msd><lemma>-23,12</lemma><mscat>[Ons-sn]</mscat></msd>
</anav>
</w>
<c>,</c>
<w>+12 500
<anav>
<msd><lemma>+12 500</lemma><mscat>[Ons-sn]</mscat></msd>
</anav>
</w>

<s>10.35
<w>10.35
<anav>
<msd><lemma>10.35</lemma><mscat>[Ont-sn]</mscat></msd>
</anav>
<anav>
<msd><lemma>10.35</lemma><mscat>[Ond-sn]</mscat></msd>
</anav>
<anav>
<msd><lemma>10.35</lemma><mscat>[Oi--sn]</mscat></msd>
</anav>
</w>

<s>2003. 01. 06., 2003-01-06
<w>2003. 01. 06.
<anav>
<msd><lemma>2003. 01. 06.</lemma><mscat>[Ont-sn]</mscat></msd>
</anav>
</w>
<c>,</c>
<w>2003-01-06
<anav>
<msd><lemma>2003-01-06</lemma><mscat>[Ont-sn]</mscat></msd>
</anav>
</w>

<s>2003. I. 06., IV. 12.
<w>2003. I. 06.
<anav>
<msd><lemma>2003. I. 06.</lemma><mscat>[Ont-sn]</mscat></msd>
</anav>
</w>
<c>,</c>
<w>IV. 12.
<anav>
<msd><lemma>IV. 12.</lemma><mscat>[Ont-sn]</mscat></msd>
</anav>
</w>

<s>2003.01.06., IV.12., 05/12, 2003/05/12
<w>2003.01.06.
<anav>
<msd><lemma>2003.01.06.</lemma><mscat>[Ont-sn]</mscat></msd>
</anav>
</w>
<c>,</c>
<w>IV.12.
<anav>
<msd><lemma>IV.12.</lemma><mscat>[Ont-sn]</mscat></msd>
</anav>
</w>
<c>,</c>
<w>05/12
<anav>
<msd><lemma>05/12</lemma><mscat>[Ont-sn]</mscat></msd>
</anav>
<anav>
<msd><lemma>05/12</lemma><mscat>[Oi--sn]</mscat></msd>
</anav>
</w>
<c>,</c>
<w>2003/05/12
<anav>
<msd><lemma>2003/05/12</lemma><mscat>[Ont-sn]</mscat></msd>
</anav>
</w>

<s>25.3
<w>25.3
<anav>
<msd><lemma>25.3</lemma><mscat>[Ond-sn]</mscat></msd>
</anav>
<anav>
<msd><lemma>25.3</lemma><mscat>[Oi--sn]</mscat></msd>
</anav>
</w>

<s>1.1.2. 1.3.128-ból
<w>1.1.2.
<anav>
<msd><lemma>1.1.2.</lemma><mscat>[Oi--sn]</mscat></msd>
</anav>
</w>
<w>1.3.128-ból
<anav>
<msd><lemma>1.3.128</lemma><mscat>[Oi--se]</mscat></msd>
</anav>
</w>

<s>133.000.000
<w>133.000.000
<anav>
<msd><lemma>133.000.000</lemma><mscat>[Ond-sn]</mscat></msd>
</anav>
</w>

<s>0,99 133,000
<w>0,99
</w>
<w>133,000
</w>

<s>1,5-2,5, 1-2,5, 1,5-2
<w>1,5-2,5
</w>
<c>,</c>
<w>1-2,5
</w>
<c>,</c>
<w>1,5-2
</w>

<s>2002-2003., 15.-ről 
<w>2002-2003.
</w>
<c>,</c>
<w>15.-ről
</w>

<s>-0,99% 133,000%-kal
<w>-0,99%
<anav>
<msd><lemma>-0,99%</lemma><mscat>[Onp-sn]</mscat></msd>
</anav>
</w>
<w>133,000%-kal
<anav>
<msd><lemma>133,000%</lemma><mscat>[Onp-si]</mscat></msd>
</anav>
</w>

<s>5°, °C
<w>5°
<anav>
<msd><lemma>5°</lemma><mscat>[Ong-sn]</mscat></msd>
</anav>
</w>
<c>,</c>
<w>°C
</w>

<s>12 500,1 231 
<w>12 500,1 231
</w>

<s>63 millió, 23 ezerről, 23 milliárdosnak
<w>63 millió
<anav>
<msd><lemma>63 millió</lemma><mscat>[Mc-s??]</mscat></msd>
</anav>
</w>
<c>,</c>
<w>23 ezerről
<anav>
<msd><lemma>23 ezer</lemma><mscat>[Mc-s?h]</mscat></msd>
</anav>
</w>
<c>,</c>
<w>23
</w>
<w>milliárdosnak
</w>

<s>1645kJ/1000g 1645 kJ/100 g
<w>1645kJ/1000g
<anav>
<msd><lemma>1645kJ/1000g</lemma><mscat>[Onq-sn]</mscat></msd>
</anav>
</w>
<w>1645 kJ/100 g
<anav>
<msd><lemma>1645 kJ/100 g</lemma><mscat>[Onq-sn]</mscat></msd>
</anav>
</w>

<s>800x600, 12&times; 
<w>800x600
<anav>
<msd><lemma>800x600</lemma><mscat>[Onm-sn]</mscat></msd>
</anav>
</w>
<c>,</c>
<w>12&times;
<anav>
<msd><lemma>12&times;</lemma><mscat>[Onm-sn]</mscat></msd>
</anav>
</w>

<s>MSZ EN ISO 30011-2:1993, MSZ-09-10.0346:1990
<w>MSZ EN ISO 30011-2:1993
<anav>
<msd><lemma>MSZ EN ISO 30011-2:1993</lemma><mscat>[Oi--sn]</mscat></msd>
</anav>
</w>
<c>,</c>
<w>MSZ-09-10.0346:1990
<anav>
<msd><lemma>MSZ-09-10.0346:1990</lemma><mscat>[Oi--sn]</mscat></msd>
</anav>
</w>

<s>ISBN 0-7201-2270-8
<w>ISBN 0-7201-2270-8
<anav>
<msd><lemma>ISBN 0-7201-2270-8</lemma><mscat>[Oi--sn]</mscat></msd>
</anav>
</w>

<s>5/4
<w>5/4
<anav>
<msd><lemma>5/4</lemma><mscat>[Oi--sn]</mscat></msd>
</anav>
<anav>
<msd><lemma>5/4</lemma><mscat>[Onf-sn]</mscat></msd>
</anav>
</w>

<s>M5, TU&ndash;154
<w>M5
<anav>
<msd><lemma>M5</lemma><mscat>[Oi--sn]</mscat></msd>
</anav>
</w>
<c>,</c>
<w>TU&ndash;154
<anav>
<msd><lemma>TU&ndash;154</lemma><mscat>[Oi--sn]</mscat></msd>
</anav>
</w>

<s>1/A
<w>1/A
<anav>
<msd><lemma>1/A</lemma><mscat>[Oi--sn]</mscat></msd>
</anav>
</w>

<s>III/1
<w>III/1
<anav>
<msd><lemma>III/1</lemma><mscat>[Oi--sn]</mscat></msd>
</anav>
</w>

<s>IV/c
<w>IV/c
<anav>
<msd><lemma>IV/c</lemma><mscat>[Oi--sn]</mscat></msd>
</anav>
</w>

<s>2000/45.-ről
<w>2000/45.-ről
<anav>
<msd><lemma>2000/45.</lemma><mscat>[Oi--sh]</mscat></msd>
</anav>
</w>

<s>06 (20) 477-4917, 47-55-45/25-ről
<w>06 (20) 477-4917
<anav>
<msd><lemma>06 (20) 477-4917</lemma><mscat>[Oi--sn]</mscat></msd>
</anav>
</w>
<c>,</c>
<w>47-55-45/25-ről
<anav>
<msd><lemma>47-55-45/25</lemma><mscat>[Oi--sh]</mscat></msd>
</anav>
</w>

<s>21559468-1-06
<w>21559468-1-06
<anav>
<msd><lemma>21559468-1-06</lemma><mscat>[Oi--sn]</mscat></msd>
</anav>
</w>

<s>JA51BF26X5H345328
<w>JA51BF26X5H345328
<anav>
<msd><lemma>JA51BF26X5H345328</lemma><mscat>[Oi--sn]</mscat></msd>
</anav>
</w>

<s>BDE/2000/01/0983/0010
<w>BDE/2000/01/0983/0010
<anav>
<msd><lemma>BDE/2000/01/0983/0010</lemma><mscat>[Oi--sn]</mscat></msd>
</anav>
</w>

<s>802.11b
<w>802.11b
<anav>
<msd><lemma>802.11b</lemma><mscat>[Oi--sn]</mscat></msd>
</anav>
</w>

<s>iii)
<w>iii)
<anav>
<msd><lemma>iii)</lemma><mscat>[Oi--sn]</mscat></msd>
</anav>
</w>

<s>(iii)
<w>(iii)
<anav>
<msd><lemma>(iii)</lemma><mscat>[Oi--sn]</mscat></msd>
</anav>
</w>

<s>a)
<w>a)
<anav>
<msd><lemma>a)</lemma><mscat>[Oi--sn]</mscat></msd>
</anav>
</w>

<s>(iii)-(viii)
<w>(iii)-(viii)
<anav>
<msd><lemma>(iii)-(viii)</lemma><mscat>[Oi--sn]</mscat></msd>
</anav>
</w>

<s>a)-d)
<w>a)-d)
<anav>
<msd><lemma>a)-d)</lemma><mscat>[Oi--sn]</mscat></msd>
</anav>
</w>

<s>(1)-(4)
<w>(1)-(4)
<anav>
<msd><lemma>(1)-(4)</lemma><mscat>[Oi--sn]</mscat></msd>
</anav>
</w>

<s>2r&pi;, 2 * 2 = 4, (a+b)(a-b), 36-os
<w>2r&pi;
<anav>
<msd><lemma>2r&pi;</lemma><mscat>[Onf-sn]</mscat></msd>
</anav>
</w>
<c>,</c>
<w>2 * 2 = 4
<anav>
<msd><lemma>2 * 2 = 4</lemma><mscat>[Onf-sn]</mscat></msd>
</anav>
</w>
<c>,</c>
<w>(a+b)(a-b)
<anav>
<msd><lemma>(a+b)(a-b)</lemma><mscat>[Onf-sn]</mscat></msd>
</anav>
</w>
<c>,</c>
<w>36-os
</w>

<s>Az "Íme, hát megleltem hazámat"-ban írta.
<w>Az
</w>
<w>"Íme, hát megleltem hazámat"-ban
</w>
<w>írta
</w>
<c>.</c>

<s>:-)
<c>:-)</c>

<s>"!"&bdquo;
<c>"</c>
<c>!</c>
<c>"</c>
<c>&bdquo;</c>

<s>Stb... stb...
<w>Stb.
</w>
<c>...</c>
<w>stb.
</w>
<c>...</c>

<s>Pl. nagy.
<w>Pl.
</w>
<w>nagy
</w>
<c>.</c>

<s>stb.
<w>stb.
</w>

<s>stb.)
<w>stb.
</w>
<c>)</c>

<s>Jó... Is...
<w>Jó
</w>
<c>...</c>
<w>Is
</w>
<c>...</c>

<s>Lakik-e?
<w>Lakik
</w>
<w>-e
</w>
<c>?</c>

<s>7-es
<w>7-es
</w>

<s>bel-, dinnye-
<w>bel-
<anav>
<msd><lemma>bel-</lemma><mscat>[Oh]</mscat></msd>
</anav>
</w>
<c>,</c>
<w>dinnye-
<anav>
<msd><lemma>dinnye-</lemma><mscat>[Oh]</mscat></msd>
</anav>
</w>

<s>§-sal
<w>§-sal
</w>

<s>Moli&egrave;re-ről beszélj!
<w>Moli&egrave;re-ről
</w>
<w>beszélj
</w>
<c>!</c>

<s>X.25-ről
<w>X.25-ről
<anav>
<msd><lemma>X.25</lemma><mscat>[Oi--sh]</mscat></msd>
</anav>
</w>

<s>(Ki)adós fizess(en) könyv(ek)et?
<w>(Ki)adós
</w>
<w>fizess(en)
</w>
<w>könyv(ek)et
</w>
<c>?</c>

<s>AT&T
<w>AT&T
</w>

<s>don't
<w>don't
</w>

<s>A-B100, A-B100-ról
<w>A-B100
</w>
<c>,</c>
<w>A-B100-ról
</w>

<s>.bash_rc, .dinnye.macska.25
<w>.bash_rc
<anav>
<msd><lemma>.bash_rc</lemma><mscat>[Oep-sn]</mscat></msd>
</anav>
</w>
<c>,</c>
<w>.dinnye.macska.25
<anav>
<msd><lemma>.dinnye.macska.25</lemma><mscat>[Oep-sn]</mscat></msd>
</anav>
</w>

<s>.hu-ról .hu-i .hu-iról .hu-nkról .hu-inkról .hu-éról .hu-éiról .hu-inkéról .hu-inkéiról
<w>.hu-ról
<anav>
<msd><lemma>.hu</lemma><mscat>[Oeo-sh]</mscat></msd>
</anav>
</w>
<w>.hu-i
<anav>
<msd><lemma>.hu</lemma><mscat>[Oeo-pn---s3]</mscat></msd>
</anav>
</w>
<w>.hu-iról
<anav>
<msd><lemma>.hu</lemma><mscat>[Oeo-ph---s3]</mscat></msd>
</anav>
</w>
<w>.hu-nkról
<anav>
<msd><lemma>.hu</lemma><mscat>[Oeo-sh---p1]</mscat></msd>
</anav>
</w>
<w>.hu-inkról
<anav>
<msd><lemma>.hu</lemma><mscat>[Oeo-ph---p1]</mscat></msd>
</anav>
</w>
<w>.hu-éról
<anav>
<msd><lemma>.hu</lemma><mscat>[Oeo-sh-----s]</mscat></msd>
</anav>
</w>
<w>.hu-éiról
<anav>
<msd><lemma>.hu</lemma><mscat>[Oeo-sh-----p]</mscat></msd>
</anav>
</w>
<w>.hu-inkéról
<anav>
<msd><lemma>.hu</lemma><mscat>[Oeo-ph---p1s]</mscat></msd>
</anav>
</w>
<w>.hu-inkéiról
<anav>
<msd><lemma>.hu</lemma><mscat>[Oeo-ph---p1p]</mscat></msd>
</anav>
</w>

<s>Hogue-t,
<w>Hogue-t
</w>
<c>,</c>
